
/home/runner/work/exp-position-analysis-scotch-yoke-nitk/exp-position-analysis-scotch-yoke-nitk/experiment/simulation/js/MOMscript.js
   24:10  warning  'point' is defined but never used       no-unused-vars
   32:10  warning  'pointtrans' is defined but never used  no-unused-vars
   40:10  warning  'pointdisp' is defined but never used   no-unused-vars
   90:10  warning  'pointdist' is defined but never used   no-unused-vars
   96:10  warning  'pointjoin' is defined but never used   no-unused-vars
  111:10  warning  'pointtrace' is defined but never used  no-unused-vars
  129:10  warning  'deg' is defined but never used         no-unused-vars
  139:10  warning  'drawrect' is defined but never used    no-unused-vars
  159:10  warning  'drawArrow' is defined but never used   no-unused-vars
  175:10  warning  'signof' is defined but never used      no-unused-vars
  181:10  warning  'roundd' is defined but never used      no-unused-vars
  187:10  warning  'plotgraph' is defined but never used   no-unused-vars
  197:1   warning  'i' is not defined                      no-undef
  199:7   warning  'i' is not defined                      no-undef
  201:20  warning  'i' is not defined                      no-undef
  201:27  warning  'i' is not defined                      no-undef
  202:2   warning  'i' is not defined                      no-undef
  203:6   warning  'i' is not defined                      no-undef
  206:3   warning  'i' is not defined                      no-undef
  206:5   warning  'i' is not defined                      no-undef

/home/runner/work/exp-position-analysis-scotch-yoke-nitk/exp-position-analysis-scotch-yoke-nitk/experiment/simulation/js/dpi.js
  39:5  error  Parsing error: Identifier 'canvas' has already been declared

/home/runner/work/exp-position-analysis-scotch-yoke-nitk/exp-position-analysis-scotch-yoke-nitk/experiment/simulation/js/jquery-3.6.0.js
     17:44  warning  'module' is not defined                                                    no-undef
     25:5   warning  'module' is not defined                                                    no-undef
    142:13  warning  'Symbol' is already defined as a built-in global variable                  no-redeclare
    717:22  warning  Unexpected control character(s) in regular expression: \x1f, \x1f          no-control-regex
    779:50  warning  Empty block statement                                                      no-empty
   2185:38  warning  Do not access Object.prototype method 'hasOwnProperty' from target object  no-prototype-builtins
   3205:16  warning  Unnecessary escape character: \/                                           no-useless-escape
   3507:52  warning  Empty block statement                                                      no-empty
   4584:21  warning  Empty block statement                                                      no-empty
   5051:28  warning  Unnecessary escape character: \/                                           no-useless-escape
   5268:19  warning  Empty block statement                                                      no-empty
   6564:25  warning  Empty block statement                                                      no-empty
   9171:17  warning  Empty block statement                                                      no-empty
   9819:28  warning  'urlAnchor.href' is assigned to itself                                     no-self-assign
  10269:17  warning  Empty block statement                                                      no-empty
  11162:39  warning  'define' is not defined                                                    no-undef
  11163:5   warning  'define' is not defined                                                    no-undef

/home/runner/work/exp-position-analysis-scotch-yoke-nitk/exp-position-analysis-scotch-yoke-nitk/experiment/simulation/js/jquery-ui.js
      9:39  warning  'define' is not defined                                      no-undef
     11:5   warning  'define' is not defined                                      no-undef
     14:13  warning  'jQuery' is not defined                                      no-undef
     21:7   warning  'version' is assigned a value but never used                 no-unused-vars
    797:7   warning  'widget' is assigned a value but never used                  no-unused-vars
    822:19  warning  Unnecessary escape character: \+                             no-useless-escape
    822:21  warning  Unnecessary escape character: \-                             no-useless-escape
   1365:7   warning  'position' is assigned a value but never used                no-unused-vars
   1381:7   warning  'data' is assigned a value but never used                    no-unused-vars
   1410:7   warning  'disableSelection' is assigned a value but never used        no-unused-vars
   1452:23  warning  Unnecessary escape character: \-                             no-useless-escape
   1462:39  warning  Unnecessary escape character: \%                             no-useless-escape
   1462:63  warning  Unnecessary escape character: \%                             no-useless-escape
   1462:87  warning  Unnecessary escape character: \%                             no-useless-escape
   1499:61  warning  Unnecessary escape character: \%                             no-useless-escape
   1499:85  warning  Unnecessary escape character: \%                             no-useless-escape
   2078:29  warning  Empty block statement                                        no-empty
   3120:63  warning  Empty block statement                                        no-empty
   3156:7   warning  'effectsEffectBlind' is assigned a value but never used      no-unused-vars
   3217:7   warning  'effectsEffectBounce' is assigned a value but never used     no-unused-vars
   3309:7   warning  'effectsEffectClip' is assigned a value but never used       no-unused-vars
   3360:7   warning  'effectsEffectDrop' is assigned a value but never used       no-unused-vars
   3418:7   warning  'effectsEffectExplode' is assigned a value but never used    no-unused-vars
   3523:7   warning  'effectsEffectFade' is assigned a value but never used       no-unused-vars
   3560:7   warning  'effectsEffectFold' is assigned a value but never used       no-unused-vars
   3639:7   warning  'effectsEffectHighlight' is assigned a value but never used  no-unused-vars
   3683:7   warning  'effectsEffectSize' is assigned a value but never used       no-unused-vars
   3884:7   warning  'effectsEffectScale' is assigned a value but never used      no-unused-vars
   3929:7   warning  'effectsEffectPuff' is assigned a value but never used       no-unused-vars
   3957:7   warning  'effectsEffectPulsate' is assigned a value but never used    no-unused-vars
   4007:7   warning  'effectsEffectShake' is assigned a value but never used      no-unused-vars
   4062:7   warning  'effectsEffectSlide' is assigned a value but never used      no-unused-vars
   4127:7   warning  'effect' is already defined                                  no-redeclare
   4133:7   warning  'effectsEffectTransfer' is assigned a value but never used   no-unused-vars
   4209:7   warning  'focusable' is assigned a value but never used               no-unused-vars
   4214:7   warning  'form' is assigned a value but never used                    no-unused-vars
   4234:7   warning  'formResetMixin' is assigned a value but never used          no-unused-vars
   4311:22  warning  Unexpected control character(s) in regular expression: \x1f  no-control-regex
   4369:7   warning  'keycode' is assigned a value but never used                 no-unused-vars
   4402:7   warning  'labels' is assigned a value but never used                  no-unused-vars
   4455:7   warning  'scrollParent' is assigned a value but never used            no-unused-vars
   4492:7   warning  'tabbable' is assigned a value but never used                no-unused-vars
   4516:7   warning  'uniqueId' is assigned a value but never used                no-unused-vars
   4558:7   warning  'widgetsAccordion' is assigned a value but never used        no-unused-vars
   5187:7   warning  'safeActiveElement' is assigned a value but never used       no-unused-vars
   5233:7   warning  'widgetsMenu' is assigned a value but never used             no-unused-vars
   5939:13  warning  Unnecessary escape character: \-                             no-useless-escape
   5939:15  warning  Unnecessary escape character: \[                             no-useless-escape
   5939:30  warning  Unnecessary escape character: \^                             no-useless-escape
   6581:30  warning  Unnecessary escape character: \-                             no-useless-escape
   6581:32  warning  Unnecessary escape character: \[                             no-useless-escape
   6581:47  warning  Unnecessary escape character: \^                             no-useless-escape
   6626:7   warning  'widgetsAutocomplete' is assigned a value but never used     no-unused-vars
   6648:7   warning  'widgetsControlgroup' is assigned a value but never used     no-unused-vars
   7239:7   warning  'widgetsCheckboxradio' is assigned a value but never used    no-unused-vars
   7686:7   warning  'widgetsButton' is assigned a value but never used           no-unused-vars
   7921:51  warning  Unnecessary escape character: \-                             no-useless-escape
   8620:23  warning  Empty block statement                                        no-empty
   9326:18  warning  Unexpected constant condition                                no-constant-condition
   9623:27  warning  Unnecessary escape character: \-                             no-useless-escape
  10293:40  warning  Unnecessary escape character: \-                             no-useless-escape
  10295:32  warning  Unnecessary escape character: \-                             no-useless-escape
  10435:35  warning  Unnecessary escape character: \-                             no-useless-escape
  10438:35  warning  Unnecessary escape character: \-                             no-useless-escape
  10603:7   warning  'widgetsDatepicker' is assigned a value but never used       no-unused-vars
  10606:7   warning  'ie' is assigned a value but never used                      no-unused-vars
  10627:7   warning  'widgetsMouse' is assigned a value but never used            no-unused-vars
  10835:7   warning  'plugin' is assigned a value but never used                  no-unused-vars
  10868:7   warning  'safeBlur' is assigned a value but never used                no-unused-vars
  12169:7   warning  'widgetsDraggable' is assigned a value but never used        no-unused-vars
  13428:7   warning  'widgetsResizable' is assigned a value but never used        no-unused-vars
  14383:7   warning  'widgetsDialog' is assigned a value but never used           no-unused-vars
  14902:7   warning  'widgetsDroppable' is assigned a value but never used        no-unused-vars
  14924:7   warning  'widgetsProgressbar' is assigned a value but never used      no-unused-vars
  15081:7   warning  'widgetsSelectable' is assigned a value but never used       no-unused-vars
  15399:7   warning  'widgetsSelectmenu' is assigned a value but never used       no-unused-vars
  16098:7   warning  'widgetsSlider' is assigned a value but never used           no-unused-vars
  16890:7   warning  'widgetsSortable' is assigned a value but never used         no-unused-vars
  17501:33  warning  Unnecessary escape character: \-                             no-useless-escape
  19078:15  warning  'Globalize' is not defined                                   no-undef
  19089:11  warning  'Globalize' is not defined                                   no-undef
  19209:7   warning  'widgetsSpinner' is assigned a value but never used          no-unused-vars
  19265:25  warning  Empty block statement                                        no-empty
  19268:25  warning  Empty block statement                                        no-empty
  19507:38  warning  Unnecessary escape character: \/                             no-useless-escape
  19507:47  warning  Unnecessary escape character: \[                             no-useless-escape
  19507:51  warning  Unnecessary escape character: \^                             no-useless-escape
  20132:7   warning  'widgetsTabs' is assigned a value but never used             no-unused-vars
  20643:7   warning  'widgetsTooltip' is assigned a value but never used          no-unused-vars

/home/runner/work/exp-position-analysis-scotch-yoke-nitk/exp-position-analysis-scotch-yoke-nitk/experiment/simulation/js/jquery.ui.touch-punch.js
  174:4  warning  'jQuery' is not defined  no-undef

/home/runner/work/exp-position-analysis-scotch-yoke-nitk/exp-position-analysis-scotch-yoke-nitk/experiment/simulation/js/jquery.ui.touch-punch.min.js
  81:4  warning  'jQuery' is not defined  no-undef

/home/runner/work/exp-position-analysis-scotch-yoke-nitk/exp-position-analysis-scotch-yoke-nitk/experiment/simulation/js/new-script.js
    4:5   warning  'commenttext' is assigned a value but never used  no-unused-vars
    5:5   warning  'commentloc' is assigned a value but never used   no-unused-vars
    7:17  warning  'point' is not defined                            no-undef
    8:13  warning  'point' is not defined                            no-undef
    9:13  warning  'point' is not defined                            no-undef
   10:5   warning  'p' is assigned a value but never used            no-unused-vars
   10:13  warning  'point' is not defined                            no-undef
   11:18  warning  'point' is not defined                            no-undef
   22:5   warning  'time' is assigned a value but never used         no-unused-vars
   27:5   warning  'legendCS' is assigned a value but never used     no-unused-vars
   28:5   warning  'quickrefCS' is assigned a value but never used   no-unused-vars
   30:5   warning  'temp' is assigned a value but never used         no-unused-vars
   40:10  warning  'editcss' is defined but never used               no-unused-vars
   41:3   warning  '$' is not defined                                no-undef
   42:3   warning  '$' is not defined                                no-undef
   48:10  warning  'startsim' is defined but never used              no-unused-vars
   53:10  warning  'simstate' is defined but never used              no-unused-vars
   63:5   warning  '$' is not defined                                no-undef
   78:10  warning  'rotstate' is defined but never used              no-unused-vars
  116:10  warning  'varinit' is defined but never used               no-unused-vars
  119:3   warning  '$' is not defined                                no-undef
  120:3   warning  '$' is not defined                                no-undef
  122:3   warning  '$' is not defined                                no-undef
  123:3   warning  '$' is not defined                                no-undef
  125:3   warning  '$' is not defined                                no-undef
  126:3   warning  '$' is not defined                                no-undef
  133:3   warning  '$' is not defined                                no-undef
  134:3   warning  '$' is not defined                                no-undef
  137:3   warning  '$' is not defined                                no-undef
  138:5   warning  '$' is not defined                                no-undef
  143:3   warning  '$' is not defined                                no-undef
  144:5   warning  '$' is not defined                                no-undef
  149:3   warning  '$' is not defined                                no-undef
  154:3   warning  '$' is not defined                                no-undef
  155:3   warning  '$' is not defined                                no-undef
  158:3   warning  '$' is not defined                                no-undef
  159:5   warning  '$' is not defined                                no-undef
  161:3   warning  '$' is not defined                                no-undef
  162:5   warning  '$' is not defined                                no-undef
  164:3   warning  '$' is not defined                                no-undef
  169:3   warning  '$' is not defined                                no-undef
  170:3   warning  '$' is not defined                                no-undef
  173:3   warning  '$' is not defined                                no-undef
  174:5   warning  '$' is not defined                                no-undef
  179:3   warning  '$' is not defined                                no-undef
  180:5   warning  '$' is not defined                                no-undef
  185:3   warning  '$' is not defined                                no-undef
  194:3   warning  '$' is not defined                                no-undef
  194:37  warning  '$' is not defined                                no-undef
  195:3   warning  '$' is not defined                                no-undef
  195:37  warning  '$' is not defined                                no-undef
  196:3   warning  '$' is not defined                                no-undef
  196:37  warning  '$' is not defined                                no-undef
  197:7   warning  '$' is not defined                                no-undef
  202:5   warning  '$' is not defined                                no-undef
  203:5   warning  '$' is not defined                                no-undef
  204:13  warning  '$' is not defined                                no-undef
  205:5   warning  '$' is not defined                                no-undef
  206:5   warning  '$' is not defined                                no-undef
  207:32  warning  'deg' is not defined                              no-undef
  212:5   warning  '$' is not defined                                no-undef
  213:5   warning  '$' is not defined                                no-undef
  214:5   warning  '$' is not defined                                no-undef
  215:5   warning  '$' is not defined                                no-undef
  216:13  warning  '$' is not defined                                no-undef
  223:9   warning  'roundd' is not defined                           no-undef
  223:29  warning  'rad' is not defined                              no-undef
  230:38  warning  'rad' is not defined                              no-undef
  231:38  warning  'rad' is not defined                              no-undef
  242:7   warning  'pointtrans' is not defined                       no-undef
  243:7   warning  'pointtrans' is not defined                       no-undef
  253:3   warning  'pointjoin' is not defined                        no-undef
  254:3   warning  'pointdisp' is not defined                        no-undef
  255:3   warning  'pointdisp' is not defined                        no-undef
  297:3   warning  'drawrect' is not defined                         no-undef
  300:3   warning  'drawrect' is not defined                         no-undef
  312:10  warning  'checkGraph' is defined but never used            no-unused-vars
  333:5   warning  'pointdisp' is not defined                        no-undef
  366:5   warning  'plotgraph' is not defined                        no-undef

/home/runner/work/exp-position-analysis-scotch-yoke-nitk/exp-position-analysis-scotch-yoke-nitk/experiment/simulation/js/script.js
   3:7   warning  'ctx' is assigned a value but never used  no-unused-vars
  10:3   warning  '$' is not defined                        no-undef
  11:3   warning  '$' is not defined                        no-undef
  12:3   warning  '$' is not defined                        no-undef
  13:3   warning  '$' is not defined                        no-undef
  14:3   warning  '$' is not defined                        no-undef
  15:3   warning  '$' is not defined                        no-undef
  16:3   warning  '$' is not defined                        no-undef
  17:3   warning  '$' is not defined                        no-undef
  20:3   warning  '$' is not defined                        no-undef
  21:3   warning  '$' is not defined                        no-undef
  23:3   warning  '$' is not defined                        no-undef
  24:5   warning  '$' is not defined                        no-undef
  25:5   warning  'time' is not defined                     no-undef
  28:3   warning  '$' is not defined                        no-undef
  29:5   warning  '$' is not defined                        no-undef
  30:5   warning  'time' is not defined                     no-undef
  33:3   warning  '$' is not defined                        no-undef
  37:3   warning  '$' is not defined                        no-undef
  38:3   warning  '$' is not defined                        no-undef
  40:3   warning  '$' is not defined                        no-undef
  41:5   warning  '$' is not defined                        no-undef
  42:5   warning  'time' is not defined                     no-undef
  45:3   warning  '$' is not defined                        no-undef
  46:5   warning  '$' is not defined                        no-undef
  47:5   warning  'time' is not defined                     no-undef
  50:3   warning  '$' is not defined                        no-undef
  53:3   warning  '$' is not defined                        no-undef
  57:3   warning  '$' is not defined                        no-undef
  58:3   warning  '$' is not defined                        no-undef
  60:3   warning  '$' is not defined                        no-undef
  61:5   warning  '$' is not defined                        no-undef
  62:5   warning  'time' is not defined                     no-undef
  65:3   warning  '$' is not defined                        no-undef
  66:5   warning  '$' is not defined                        no-undef
  67:5   warning  'time' is not defined                     no-undef
  70:3   warning  '$' is not defined                        no-undef
  73:3   warning  '$' is not defined                        no-undef
  74:3   warning  '$' is not defined                        no-undef
  77:3   warning  '$' is not defined                        no-undef
  77:38  warning  '$' is not defined                        no-undef
  78:3   warning  '$' is not defined                        no-undef
  78:40  warning  '$' is not defined                        no-undef
  79:3   warning  '$' is not defined                        no-undef
  79:38  warning  '$' is not defined                        no-undef
  80:3   warning  'endmass' is not defined                  no-undef
  80:13  warning  '$' is not defined                        no-undef
  81:3   warning  'beamlength' is not defined               no-undef
  81:16  warning  '$' is not defined                        no-undef
  82:3   warning  'dampingratio' is not defined             no-undef
  82:18  warning  '$' is not defined                        no-undef
  84:3   warning  Unnecessary semicolon                     no-extra-semi

✖ 260 problems (1 error, 259 warnings)
  0 errors and 1 warning potentially fixable with the `--fix` option.

